<?xml version="1.0" encoding="UTF-8"?>
<testsuite xmlns:xsi="http://www.w3.org/2001/XMLSchema-instance" xsi:noNamespaceSchemaLocation="https://maven.apache.org/surefire/maven-surefire-plugin/xsd/surefire-test-report-3.0.xsd" version="3.0" name="com.cashier.dao.ProduitDAOTest" time="0.651" tests="5" errors="0" skipped="0" failures="0">
  <properties>
[...]
</properties>
  <testcase name="testUpdateProduit" classname="com.cashier.dao.ProduitDAOTest" time="0.404">
    <system-out><![CDATA[Tables created or already exist.
Produit added: Original Name
Produit updated: Updated Name
]]></system-out>
  </testcase>
  <testcase name="testAddProduit" classname="com.cashier.dao.ProduitDAOTest" time="0.019">
    <system-out><![CDATA[Tables created or already exist.
Produit added: Test Product
]]></system-out>
  </testcase>
  <testcase name="testGetProduitById" classname="com.cashier.dao.ProduitDAOTest" time="0.032">
    <system-out><![CDATA[Tables created or already exist.
Produit added: Test Product 2
]]></system-out>
  </testcase>
  <testcase name="testDeleteProduit" classname="com.cashier.dao.ProduitDAOTest" time="0.027">
    <system-out><![CDATA[Tables created or already exist.
Produit added: To Delete
Produit deleted with id: 190
]]></system-out>
  </testcase>
  <testcase name="testGetAllProduits" classname="com.cashier.dao.ProduitDAOTest" time="0.115">
    <system-out><![CDATA[Tables created or already exist.
Produit added: Product 1
Produit added: Product 2
]]></system-out>
  </testcase>
</testsuite>